<?xml version="1.0" encoding="UTF-8"?>
<testng-results skipped="0" failed="0" ignored="0" total="1" passed="1">
  <reporter-output>
  </reporter-output>
  <suite name="Default suite" duration-ms="56538" started-at="2021-05-20T08:39:34 IST" finished-at="2021-05-20T08:40:31 IST">
    <groups>
    </groups>
    <test name="Default test" duration-ms="56538" started-at="2021-05-20T08:39:34 IST" finished-at="2021-05-20T08:40:31 IST">
      <class name="test.testcase.RunClass">
        <test-method status="PASS" signature="beforeMethod()[pri:0, instance:test.testcase.RunClass@101eaf6]" name="beforeMethod" is-config="true" duration-ms="38105" started-at="2021-05-20T08:39:34 IST" finished-at="2021-05-20T08:40:12 IST">
          <reporter-output>
          </reporter-output>
        </test-method> <!-- beforeMethod -->
        <test-method status="PASS" signature="testCase()[pri:0, instance:test.testcase.RunClass@101eaf6]" name="testCase" duration-ms="17325" started-at="2021-05-20T08:40:12 IST" finished-at="2021-05-20T08:40:29 IST">
          <reporter-output>
          </reporter-output>
        </test-method> <!-- testCase -->
        <test-method status="PASS" signature="afterMethod()[pri:0, instance:test.testcase.RunClass@101eaf6]" name="afterMethod" is-config="true" duration-ms="942" started-at="2021-05-20T08:40:30 IST" finished-at="2021-05-20T08:40:31 IST">
          <reporter-output>
          </reporter-output>
        </test-method> <!-- afterMethod -->
      </class> <!-- test.testcase.RunClass -->
    </test> <!-- Default test -->
  </suite> <!-- Default suite -->
</testng-results>
